<?xml version="1.0" encoding="UTF-8"?>
<!-- Generated by org.testng.reporters.JUnitReportReporter -->
<testsuite hostname="W10528VP73" failures="0" tests="2" name="com.crm.qa.test.LoginPageTest" time="16.152" errors="0" timestamp="2021-12-09T19:12:19 IST" skipped="0">
  <testcase classname="com.crm.qa.test.LoginPageTest" name="loginPageTest" time="7.827"/>
  <system-out/>
  <testcase classname="com.crm.qa.test.LoginPageTest" name="loginTest" time="8.325"/>
  <system-out/>
</testsuite> <!-- com.crm.qa.test.LoginPageTest -->
