<?xml version="1.0" encoding="UTF-8"?>
<!-- Generated by org.testng.reporters.JUnitReportReporter -->
<testsuite hostname="W10528VP73" failures="0" tests="3" name="com.crm.qa.test.HomePageTest" time="31.368" errors="0" timestamp="2021-12-20T17:51:47 IST" skipped="0">
  <testcase classname="com.crm.qa.test.HomePageTest" name="verifyHomePageTitleTest" time="9.088"/>
  <system-out/>
  <testcase classname="com.crm.qa.test.HomePageTest" name="validateLinkClickSelenium" time="12.108"/>
  <system-out/>
  <testcase classname="com.crm.qa.test.HomePageTest" name="validateLinkClick" time="10.172"/>
  <system-out/>
</testsuite> <!-- com.crm.qa.test.HomePageTest -->
