<?xml version="1.0" encoding="UTF-8"?>
<!-- Generated by org.testng.reporters.JUnitReportReporter -->
<testsuite hostname="W10528VP73" failures="0" tests="2" name="com.crm.qa.test.LoginPageTest" time="18.894" errors="0" timestamp="2021-12-22T15:35:35 IST" skipped="0">
  <testcase classname="com.crm.qa.test.LoginPageTest" name="loginPageTest" time="8.121"/>
  <system-out/>
  <testcase classname="com.crm.qa.test.LoginPageTest" name="loginTest" time="10.773"/>
  <system-out/>
</testsuite> <!-- com.crm.qa.test.LoginPageTest -->
