<?xml version="1.0" encoding="UTF-8"?>
<!-- Generated by org.testng.reporters.JUnitReportReporter -->
<testsuite hostname="W10528VP73" failures="0" tests="3" name="com.crm.qa.test.HomePageTest" time="36.151" errors="0" timestamp="2021-12-22T15:35:35 IST" skipped="0">
  <testcase classname="com.crm.qa.test.HomePageTest" name="verifyHomePageTitleTest" time="10.261"/>
  <system-out/>
  <testcase classname="com.crm.qa.test.HomePageTest" name="validateLinkClickSelenium" time="13.401"/>
  <system-out/>
  <testcase classname="com.crm.qa.test.HomePageTest" name="validateLinkClick" time="12.489"/>
  <system-out/>
</testsuite> <!-- com.crm.qa.test.HomePageTest -->
